#
# There is insufficient memory for the Java Runtime Environment to continue.
# Native memory allocation (malloc) failed to allocate 1048576 bytes. Error detail: AllocateHeap
# Possible reasons:
#   The system is out of physical RAM or swap space
#   This process is running with CompressedOops enabled, and the Java Heap may be blocking the growth of the native heap
# Possible solutions:
#   Reduce memory load on the system
#   Increase physical memory or swap space
#   Check if swap backing store is full
#   Decrease Java heap size (-Xmx/-Xms)
#   Decrease number of Java threads
#   Decrease Java thread stack sizes (-Xss)
#   Set larger code cache with -XX:ReservedCodeCacheSize=
#   JVM is running with Unscaled Compressed Oops mode in which the Java heap is
#     placed in the first 4GB address space. The Java Heap base address is the
#     maximum limit for the native heap growth. Please use -XX:HeapBaseMinAddress
#     to set the Java Heap base and to place the Java Heap above 4GB virtual address.
# This output file may be truncated or incomplete.
#
#  Out of Memory Error (allocation.cpp:44), pid=22924, tid=10584
#
# JRE version: OpenJDK Runtime Environment Temurin-21.0.8+9 (21.0.8+9) (build 21.0.8+9-LTS)
# Java VM: OpenJDK 64-Bit Server VM Temurin-21.0.8+9 (21.0.8+9-LTS, mixed mode, sharing, tiered, compressed oops, compressed class ptrs, parallel gc, windows-amd64)
# No core dump will be written. Minidumps are not enabled by default on client versions of Windows
#

---------------  S U M M A R Y ------------

Command Line: --add-modules=ALL-SYSTEM --add-opens=java.base/java.util=ALL-UNNAMED --add-opens=java.base/java.lang=ALL-UNNAMED --add-opens=java.base/sun.nio.fs=ALL-UNNAMED -Declipse.application=org.eclipse.jdt.ls.core.id1 -Dosgi.bundles.defaultStartLevel=4 -Declipse.product=org.eclipse.jdt.ls.core.product -Djava.import.generatesMetadataFilesAtProjectRoot=false -DDetectVMInstallationsJob.disabled=true -Dfile.encoding=utf8 -XX:+UseParallelGC -XX:GCTimeRatio=4 -XX:AdaptiveSizePolicyWeight=90 -Dsun.zip.disableMemoryMapping=true -Xmx2G -Xms100m -Xlog:disable -javaagent:c:\Users\Hp\.vscode\extensions\redhat.java-1.45.0-win32-x64\lombok\lombok-1.18.39-4050.jar -XX:+HeapDumpOnOutOfMemoryError -XX:HeapDumpPath=c:\Users\Hp\AppData\Roaming\Code\User\workspaceStorage\81f492b21900cb0e0dfef86816f6453f\redhat.java -Daether.dependencyCollector.impl=bf c:\Users\Hp\.vscode\extensions\redhat.java-1.45.0-win32-x64\server\plugins\org.eclipse.equinox.launcher_1.7.0.v20250519-0528.jar -configuration c:\Users\Hp\AppData\Roaming\Code\User\globalStorage\redhat.java\1.45.0\config_win -data c:\Users\Hp\AppData\Roaming\Code\User\workspaceStorage\81f492b21900cb0e0dfef86816f6453f\redhat.java\jdt_ws --pipe=\\.\pipe\lsp-57154b1746dad78bb03e1fc985d761ee-sock

Host: 11th Gen Intel(R) Core(TM) i3-1125G4 @ 2.00GHz, 8 cores, 7G,  Windows 11 , 64 bit Build 26100 (10.0.26100.5074)
Time: Wed Sep 24 23:02:48 2025 India Standard Time elapsed time: 14542.361090 seconds (0d 4h 2m 22s)

---------------  T H R E A D  ---------------

Current thread (0x00000222e604e870):  JavaThread "Attach Listener" daemon [_thread_in_vm, id=10584, stack(0x000000a7e4c00000,0x000000a7e4d00000) (1024K)]

Stack: [0x000000a7e4c00000,0x000000a7e4d00000]
Native frames: (J=compiled Java code, j=interpreted, Vv=VM code, C=native code)
V  [jvm.dll+0x6d2449]
V  [jvm.dll+0x8ae341]
V  [jvm.dll+0x8b08be]
V  [jvm.dll+0x8b0fa3]
V  [jvm.dll+0x280c96]
V  [jvm.dll+0xc0347]
V  [jvm.dll+0x6d2cf9]
V  [jvm.dll+0x131116]
V  [jvm.dll+0x3f2d16]
V  [jvm.dll+0x857e6b]
V  [jvm.dll+0x6d0b0d]
C  [ucrtbase.dll+0x37b0]
C  [KERNEL32.DLL+0x2e8d7]
C  [ntdll.dll+0x8d9c]


---------------  P R O C E S S  ---------------

Threads class SMR info:
_java_thread_list=0x00000222c69ba850, length=40, elements={
0x00000222e5f8dd10, 0x00000222e6049760, 0x00000222e604bfc0, 0x00000222e604dc20,
0x00000222e604e870, 0x00000222fc9f6360, 0x00000222fc9f6db0, 0x00000222fc9f7be0,
0x00000222fca22a50, 0x00000222fe34e290, 0x00000222fe5b7300, 0x00000222fee088a0,
0x00000222ff044eb0, 0x00000222fec69ef0, 0x00000222fe3bd8b0, 0x00000222ff121250,
0x00000222fe8a2170, 0x00000222ff163eb0, 0x00000222ff165260, 0x00000222ff164540,
0x00000222ff051d70, 0x00000222ff04fca0, 0x00000222ff050330, 0x00000222ff0537b0,
0x00000222ff053e40, 0x00000222ff0509c0, 0x00000222ff052400, 0x00000222ff0544d0,
0x00000222ff051050, 0x00000222ff054b60, 0x00000222ff052a90, 0x00000222ff053120,
0x00000222c5b7ad40, 0x00000222c5b7c0f0, 0x00000222c5b78c70, 0x00000222c7525740,
0x00000222c7526af0, 0x00000222ff0565a0, 0x00000222c5b79990, 0x00000222c752a600
}

Java Threads: ( => current thread )
  0x00000222e5f8dd10 JavaThread "main"                              [_thread_blocked, id=29756, stack(0x000000a7e4500000,0x000000a7e4600000) (1024K)]
  0x00000222e6049760 JavaThread "Reference Handler"          daemon [_thread_blocked, id=34744, stack(0x000000a7e4900000,0x000000a7e4a00000) (1024K)]
  0x00000222e604bfc0 JavaThread "Finalizer"                  daemon [_thread_blocked, id=24188, stack(0x000000a7e4a00000,0x000000a7e4b00000) (1024K)]
  0x00000222e604dc20 JavaThread "Signal Dispatcher"          daemon [_thread_blocked, id=36184, stack(0x000000a7e4b00000,0x000000a7e4c00000) (1024K)]
=>0x00000222e604e870 JavaThread "Attach Listener"            daemon [_thread_in_vm, id=10584, stack(0x000000a7e4c00000,0x000000a7e4d00000) (1024K)]
  0x00000222fc9f6360 JavaThread "Service Thread"             daemon [_thread_blocked, id=2224, stack(0x000000a7e4d00000,0x000000a7e4e00000) (1024K)]
  0x00000222fc9f6db0 JavaThread "Monitor Deflation Thread"   daemon [_thread_blocked, id=43884, stack(0x000000a7e4e00000,0x000000a7e4f00000) (1024K)]
  0x00000222fc9f7be0 JavaThread "C2 CompilerThread0"         daemon [_thread_blocked, id=13708, stack(0x000000a7e4f00000,0x000000a7e5000000) (1024K)]
  0x00000222fca22a50 JavaThread "C1 CompilerThread0"         daemon [_thread_blocked, id=24700, stack(0x000000a7e5000000,0x000000a7e5100000) (1024K)]
  0x00000222fe34e290 JavaThread "Common-Cleaner"             daemon [_thread_blocked, id=34080, stack(0x000000a7e5100000,0x000000a7e5200000) (1024K)]
  0x00000222fe5b7300 JavaThread "Notification Thread"        daemon [_thread_blocked, id=25448, stack(0x000000a7e5200000,0x000000a7e5300000) (1024K)]
  0x00000222fee088a0 JavaThread "Active Thread: Equinox Container: 55082b6b-cd8b-445e-9fcf-c0d19e19d33a"        [_thread_blocked, id=22684, stack(0x000000a7e5300000,0x000000a7e5400000) (1024K)]
  0x00000222ff044eb0 JavaThread "Refresh Thread: Equinox Container: 55082b6b-cd8b-445e-9fcf-c0d19e19d33a" daemon [_thread_blocked, id=7188, stack(0x000000a7e5a00000,0x000000a7e5b00000) (1024K)]
  0x00000222fec69ef0 JavaThread "Framework Event Dispatcher: Equinox Container: 55082b6b-cd8b-445e-9fcf-c0d19e19d33a" daemon [_thread_blocked, id=42108, stack(0x000000a7e5c00000,0x000000a7e5d00000) (1024K)]
  0x00000222fe3bd8b0 JavaThread "Start Level: Equinox Container: 55082b6b-cd8b-445e-9fcf-c0d19e19d33a" daemon [_thread_blocked, id=43384, stack(0x000000a7e5d00000,0x000000a7e5e00000) (1024K)]
  0x00000222ff121250 JavaThread "Bundle File Closer"         daemon [_thread_blocked, id=39248, stack(0x000000a7e5e00000,0x000000a7e5f00000) (1024K)]
  0x00000222fe8a2170 JavaThread "SCR Component Actor"        daemon [_thread_blocked, id=20796, stack(0x000000a7e5f00000,0x000000a7e6000000) (1024K)]
  0x00000222ff163eb0 JavaThread "Worker-JM"                         [_thread_blocked, id=44308, stack(0x000000a7e6100000,0x000000a7e6200000) (1024K)]
  0x00000222ff165260 JavaThread "JNA Cleaner"                daemon [_thread_blocked, id=44664, stack(0x000000a7e6200000,0x000000a7e6300000) (1024K)]
  0x00000222ff164540 JavaThread "Java indexing"              daemon [_thread_blocked, id=10536, stack(0x000000a7e4300000,0x000000a7e4400000) (1024K)]
  0x00000222ff051d70 JavaThread "Thread-3"                   daemon [_thread_in_native, id=35348, stack(0x000000a7e6900000,0x000000a7e6a00000) (1024K)]
  0x00000222ff04fca0 JavaThread "Thread-4"                   daemon [_thread_in_native, id=32280, stack(0x000000a7e6a00000,0x000000a7e6b00000) (1024K)]
  0x00000222ff050330 JavaThread "Thread-5"                   daemon [_thread_in_native, id=29480, stack(0x000000a7e6b00000,0x000000a7e6c00000) (1024K)]
  0x00000222ff0537b0 JavaThread "Thread-6"                   daemon [_thread_in_native, id=43908, stack(0x000000a7e6c00000,0x000000a7e6d00000) (1024K)]
  0x00000222ff053e40 JavaThread "Thread-7"                   daemon [_thread_in_native, id=13376, stack(0x000000a7e6d00000,0x000000a7e6e00000) (1024K)]
  0x00000222ff0509c0 JavaThread "Thread-8"                   daemon [_thread_in_native, id=40652, stack(0x000000a7e6e00000,0x000000a7e6f00000) (1024K)]
  0x00000222ff052400 JavaThread "Thread-9"                   daemon [_thread_in_native, id=20352, stack(0x000000a7e6f00000,0x000000a7e7000000) (1024K)]
  0x00000222ff0544d0 JavaThread "Thread-10"                  daemon [_thread_in_native, id=38732, stack(0x000000a7e7000000,0x000000a7e7100000) (1024K)]
  0x00000222ff051050 JavaThread "Thread-11"                  daemon [_thread_in_native, id=40284, stack(0x000000a7e7100000,0x000000a7e7200000) (1024K)]
  0x00000222ff054b60 JavaThread "pool-2-thread-1"                   [_thread_blocked, id=30048, stack(0x000000a7e6800000,0x000000a7e6900000) (1024K)]
  0x00000222ff052a90 JavaThread "WorkspaceEventsHandler"            [_thread_blocked, id=37380, stack(0x000000a7e7400000,0x000000a7e7500000) (1024K)]
  0x00000222ff053120 JavaThread "pool-1-thread-1"                   [_thread_blocked, id=37972, stack(0x000000a7e7600000,0x000000a7e7700000) (1024K)]
  0x00000222c5b7ad40 JavaThread "resolver-1"                 daemon [_thread_blocked, id=17088, stack(0x000000a7e7800000,0x000000a7e7900000) (1024K)]
  0x00000222c5b7c0f0 JavaThread "resolver-2"                 daemon [_thread_blocked, id=42084, stack(0x000000a7e7a00000,0x000000a7e7b00000) (1024K)]
  0x00000222c5b78c70 JavaThread "resolver-3"                 daemon [_thread_blocked, id=34432, stack(0x000000a7e7b00000,0x000000a7e7c00000) (1024K)]
  0x00000222c7525740 JavaThread "resolver-4"                 daemon [_thread_blocked, id=15960, stack(0x000000a7e8f00000,0x000000a7e9000000) (1024K)]
  0x00000222c7526af0 JavaThread "resolver-5"                 daemon [_thread_blocked, id=14920, stack(0x000000a7e9000000,0x000000a7e9100000) (1024K)]
  0x00000222ff0565a0 JavaThread "Cleaner-0"                  daemon [_thread_blocked, id=43080, stack(0x000000a7e9200000,0x000000a7e9300000) (1024K)]
  0x00000222c5b79990 JavaThread "Worker-49"                         [_thread_blocked, id=40596, stack(0x000000a7e7700000,0x000000a7e7800000) (1024K)]
  0x00000222c752a600 JavaThread "Worker-51"                         [_thread_blocked, id=21776, stack(0x000000a7e6700000,0x000000a7e6800000) (1024K)]
Total: 40

Other Threads:
  0x00000222fc9f1d30 VMThread "VM Thread"                           [id=43264, stack(0x000000a7e4800000,0x000000a7e4900000) (1024K)]
  0x00000222e5ff9ce0 WatcherThread "VM Periodic Task Thread"        [id=43740, stack(0x000000a7e4700000,0x000000a7e4800000) (1024K)]
  0x00000222e5fac680 WorkerThread "GC Thread#0"                     [id=43152, stack(0x000000a7e4600000,0x000000a7e4700000) (1024K)]
  0x00000222fead6ae0 WorkerThread "GC Thread#1"                     [id=19608, stack(0x000000a7e5400000,0x000000a7e5500000) (1024K)]
  0x00000222feaf9060 WorkerThread "GC Thread#2"                     [id=4780, stack(0x000000a7e5500000,0x000000a7e5600000) (1024K)]
  0x00000222fe9e0c80 WorkerThread "GC Thread#3"                     [id=24056, stack(0x000000a7e5600000,0x000000a7e5700000) (1024K)]
  0x00000222fe9e1020 WorkerThread "GC Thread#4"                     [id=10676, stack(0x000000a7e5700000,0x000000a7e5800000) (1024K)]
  0x00000222fe9e13c0 WorkerThread "GC Thread#5"                     [id=15384, stack(0x000000a7e5800000,0x000000a7e5900000) (1024K)]
  0x00000222fe8a9b60 WorkerThread "GC Thread#6"                     [id=42100, stack(0x000000a7e5900000,0x000000a7e5a00000) (1024K)]
  0x00000222ff0f5160 WorkerThread "GC Thread#7"                     [id=14912, stack(0x000000a7e5b00000,0x000000a7e5c00000) (1024K)]
Total: 10

Threads with active compile tasks:
Total: 0

VM state: not at safepoint (normal execution)

VM Mutex/Monitor currently owned by a thread: None

Heap address: 0x0000000080000000, size: 2048 MB, Compressed Oops mode: 32-bit

CDS archive(s) mapped at: [0x0000022280000000-0x0000022280ba0000-0x0000022280ba0000), size 12189696, SharedBaseAddress: 0x0000022280000000, ArchiveRelocationMode: 1.
Compressed class space mapped at: 0x0000022281000000-0x00000222c1000000, reserved size: 1073741824
Narrow klass base: 0x0000022280000000, Narrow klass shift: 0, Narrow klass range: 0x100000000

GC Precious Log:
 CardTable entry size: 512
 CPUs: 8 total, 8 available
 Memory: 7959M
 Large Page Support: Disabled
 NUMA Support: Disabled
 Compressed Oops: Enabled (32-bit)
 Alignments: Space 512K, Generation 512K, Heap 2M
 Heap Min Capacity: 100M
 Heap Initial Capacity: 100M
 Heap Max Capacity: 2G
 Pre-touch: Disabled
 Parallel Workers: 8

Heap:
 PSYoungGen      total 3584K, used 2671K [0x00000000d5580000, 0x00000000d5a80000, 0x0000000100000000)
  eden space 3072K, 70% used [0x00000000d5580000,0x00000000d579be50,0x00000000d5880000)
  from space 512K, 100% used [0x00000000d5980000,0x00000000d5a00000,0x00000000d5a00000)
  to   space 1024K, 0% used [0x00000000d5880000,0x00000000d5880000,0x00000000d5980000)
 ParOldGen       total 764928K, used 764788K [0x0000000080000000, 0x00000000aeb00000, 0x00000000d5580000)
  object space 764928K, 99% used [0x0000000080000000,0x00000000aeadd1f0,0x00000000aeb00000)
 Metaspace       used 100768K, committed 102656K, reserved 1179648K
  class space    used 10066K, committed 10944K, reserved 1048576K

Card table byte_map: [0x00000222e5930000,0x00000222e5d40000] _byte_map_base: 0x00000222e5530000

Marking Bits: (ParMarkBitMap*) 0x00007ffdaf5ba340
 Begin Bits: [0x00000222f8430000, 0x00000222fa430000)
 End Bits:   [0x00000222fa430000, 0x00000222fc430000)

Polling page: 0x00000222e3e50000

Metaspace:

Usage:
  Non-class:     88.58 MB used.
      Class:      9.83 MB used.
       Both:     98.41 MB used.

Virtual space:
  Non-class space:      128.00 MB reserved,      89.56 MB ( 70%) committed,  2 nodes.
      Class space:        1.00 GB reserved,      10.69 MB (  1%) committed,  1 nodes.
             Both:        1.12 GB reserved,     100.25 MB (  9%) committed. 

Chunk freelists:
   Non-Class:  6.40 MB
       Class:  5.24 MB
        Both:  11.64 MB

MaxMetaspaceSize: unlimited
CompressedClassSpaceSize: 1.00 GB
Initial GC threshold: 21.00 MB
Current GC threshold: 164.81 MB
CDS: on
 - commit_granule_bytes: 65536.
 - commit_granule_words: 8192.
 - virtual_space_node_default_size: 8388608.
 - enlarge_chunks_in_place: 1.
 - use_allocation_guard: 0.


Internal statistics:

num_allocs_failed_limit: 9.
num_arena_births: 2258.
num_arena_deaths: 720.
num_vsnodes_births: 3.
num_vsnodes_deaths: 0.
num_space_committed: 1618.
num_space_uncommitted: 7.
num_chunks_returned_to_freelist: 947.
num_chunks_taken_from_freelist: 7776.
num_chunk_merges: 261.
num_chunk_splits: 4310.
num_chunks_enlarged: 2233.
num_inconsistent_stats: 0.

CodeHeap 'non-profiled nmethods': size=120000Kb used=27246Kb max_used=27246Kb free=92753Kb
 bounds [0x00000222f0c50000, 0x00000222f26f0000, 0x00000222f8180000]
CodeHeap 'profiled nmethods': size=120000Kb used=52230Kb max_used=52230Kb free=67769Kb
 bounds [0x00000222e9180000, 0x00000222ec4a0000, 0x00000222f06b0000]
CodeHeap 'non-nmethods': size=5760Kb used=1564Kb max_used=1627Kb free=4195Kb
 bounds [0x00000222f06b0000, 0x00000222f0920000, 0x00000222f0c50000]
CodeCache: size=245760Kb, used=81040Kb, max_used=81103Kb, free=164717Kb
 total_blobs=22554, nmethods=21678, adapters=776, full_count=0
Compilation: enabled, stopped_count=0, restarted_count=0

Compilation events (20 events):
Event: 13838.814 Thread 0x00000222fca22a50 29903       1       org.jsoup.safety.Safelist$TypedValue::toString (5 bytes)
Event: 13838.814 Thread 0x00000222fca22a50 nmethod 29903 0x00000222f26e7390 code [0x00000222f26e7520, 0x00000222f26e75e8]
Event: 13838.816 Thread 0x00000222fca22a50 29904       3       org.jsoup.internal.StringUtil::isActuallyWhitespace (43 bytes)
Event: 13838.816 Thread 0x00000222fca22a50 nmethod 29904 0x00000222ec489b90 code [0x00000222ec489d40, 0x00000222ec489f70]
Event: 13838.817 Thread 0x00000222fca22a50 29905       3       com.overzealous.remark.convert.DocumentConverter::calculateLength (88 bytes)
Event: 13838.819 Thread 0x00000222fca22a50 nmethod 29905 0x00000222ec48a010 code [0x00000222ec48a2e0, 0x00000222ec48b400]
Event: 13838.823 Thread 0x00000222fc9f7be0 29906       4       java.util.regex.Pattern$Ques::match (192 bytes)
Event: 13838.855 Thread 0x00000222fc9f7be0 nmethod 29906 0x00000222f26e7690 code [0x00000222f26e7980, 0x00000222f26e8780]
Event: 13838.874 Thread 0x00000222fca22a50 29907       3       org.eclipse.jdt.internal.compiler.lookup.MethodScope::checkAndSetModifiersForMethod (713 bytes)
Event: 13838.882 Thread 0x00000222fca22a50 nmethod 29907 0x00000222ec48b890 code [0x00000222ec48bde0, 0x00000222ec48fa88]
Event: 13838.882 Thread 0x00000222fca22a50 29908       3       org.eclipse.jdt.internal.core.Region$Node::<init> (12 bytes)
Event: 13838.883 Thread 0x00000222fca22a50 nmethod 29908 0x00000222ec490d10 code [0x00000222ec490ec0, 0x00000222ec4910a8]
Event: 13855.859 Thread 0x00000222fc9f7be0 29909       4       org.eclipse.core.internal.dtree.AbstractDataTreeNode::storeStrings (42 bytes)
Event: 13855.895 Thread 0x00000222fc9f7be0 nmethod 29909 0x00000222f26e9410 code [0x00000222f26e96a0, 0x00000222f26e9eb0]
Event: 13855.895 Thread 0x00000222fc9f7be0 29910       4       org.eclipse.core.internal.dtree.DataTreeNode::storeStrings (28 bytes)
Event: 13855.912 Thread 0x00000222fc9f7be0 nmethod 29910 0x00000222f26ea510 code [0x00000222f26ea7a0, 0x00000222f26eafb0]
Event: 14258.942 Thread 0x00000222fca22a50 29911       3       jdk.internal.vm.SharedThreadContainer::onExit (19 bytes)
Event: 14258.963 Thread 0x00000222fca22a50 nmethod 29911 0x00000222ec491190 code [0x00000222ec491360, 0x00000222ec4916c0]
Event: 14357.023 Thread 0x00000222fc9f7be0 29912   !   4       java.util.concurrent.locks.AbstractQueuedSynchronizer::tryInitializeHead (66 bytes)
Event: 14357.051 Thread 0x00000222fc9f7be0 nmethod 29912 0x00000222f26eb610 code [0x00000222f26eb7a0, 0x00000222f26eb988]

GC Heap History (20 events):
Event: 13833.908 GC heap before
{Heap before GC invocations=5704 (full 7):
 PSYoungGen      total 3584K, used 3504K [0x00000000d5580000, 0x00000000d5a00000, 0x0000000100000000)
  eden space 3072K, 100% used [0x00000000d5580000,0x00000000d5880000,0x00000000d5880000)
  from space 512K, 84% used [0x00000000d5980000,0x00000000d59ec010,0x00000000d5a00000)
  to   space 512K, 0% used [0x00000000d5880000,0x00000000d5880000,0x00000000d5900000)
 ParOldGen       total 760832K, used 760675K [0x0000000080000000, 0x00000000ae700000, 0x00000000d5580000)
  object space 760832K, 99% used [0x0000000080000000,0x00000000ae6d8ed8,0x00000000ae700000)
 Metaspace       used 100744K, committed 102656K, reserved 1179648K
  class space    used 10064K, committed 10944K, reserved 1048576K
}
Event: 13833.911 GC heap after
{Heap after GC invocations=5704 (full 7):
 PSYoungGen      total 3584K, used 512K [0x00000000d5580000, 0x00000000d5a80000, 0x0000000100000000)
  eden space 3072K, 0% used [0x00000000d5580000,0x00000000d5580000,0x00000000d5880000)
  from space 512K, 100% used [0x00000000d5880000,0x00000000d5900000,0x00000000d5900000)
  to   space 1024K, 0% used [0x00000000d5980000,0x00000000d5980000,0x00000000d5a80000)
 ParOldGen       total 761344K, used 761045K [0x0000000080000000, 0x00000000ae780000, 0x00000000d5580000)
  object space 761344K, 99% used [0x0000000080000000,0x00000000ae735600,0x00000000ae780000)
 Metaspace       used 100744K, committed 102656K, reserved 1179648K
  class space    used 10064K, committed 10944K, reserved 1048576K
}
Event: 13834.273 GC heap before
{Heap before GC invocations=5705 (full 7):
 PSYoungGen      total 3584K, used 3584K [0x00000000d5580000, 0x00000000d5a80000, 0x0000000100000000)
  eden space 3072K, 100% used [0x00000000d5580000,0x00000000d5880000,0x00000000d5880000)
  from space 512K, 100% used [0x00000000d5880000,0x00000000d5900000,0x00000000d5900000)
  to   space 1024K, 0% used [0x00000000d5980000,0x00000000d5980000,0x00000000d5a80000)
 ParOldGen       total 761344K, used 761045K [0x0000000080000000, 0x00000000ae780000, 0x00000000d5580000)
  object space 761344K, 99% used [0x0000000080000000,0x00000000ae735600,0x00000000ae780000)
 Metaspace       used 100744K, committed 102656K, reserved 1179648K
  class space    used 10064K, committed 10944K, reserved 1048576K
}
Event: 13834.275 GC heap after
{Heap after GC invocations=5705 (full 7):
 PSYoungGen      total 4096K, used 708K [0x00000000d5580000, 0x00000000d5a80000, 0x0000000100000000)
  eden space 3072K, 0% used [0x00000000d5580000,0x00000000d5580000,0x00000000d5880000)
  from space 1024K, 69% used [0x00000000d5980000,0x00000000d5a31210,0x00000000d5a80000)
  to   space 1024K, 0% used [0x00000000d5880000,0x00000000d5880000,0x00000000d5980000)
 ParOldGen       total 761856K, used 761525K [0x0000000080000000, 0x00000000ae800000, 0x00000000d5580000)
  object space 761856K, 99% used [0x0000000080000000,0x00000000ae7ad600,0x00000000ae800000)
 Metaspace       used 100744K, committed 102656K, reserved 1179648K
  class space    used 10064K, committed 10944K, reserved 1048576K
}
Event: 13834.288 GC heap before
{Heap before GC invocations=5706 (full 7):
 PSYoungGen      total 4096K, used 3780K [0x00000000d5580000, 0x00000000d5a80000, 0x0000000100000000)
  eden space 3072K, 100% used [0x00000000d5580000,0x00000000d5880000,0x00000000d5880000)
  from space 1024K, 69% used [0x00000000d5980000,0x00000000d5a31210,0x00000000d5a80000)
  to   space 1024K, 0% used [0x00000000d5880000,0x00000000d5880000,0x00000000d5980000)
 ParOldGen       total 761856K, used 761525K [0x0000000080000000, 0x00000000ae800000, 0x00000000d5580000)
  object space 761856K, 99% used [0x0000000080000000,0x00000000ae7ad600,0x00000000ae800000)
 Metaspace       used 100744K, committed 102656K, reserved 1179648K
  class space    used 10064K, committed 10944K, reserved 1048576K
}
Event: 13834.292 GC heap after
{Heap after GC invocations=5706 (full 7):
 PSYoungGen      total 4096K, used 695K [0x00000000d5580000, 0x00000000d5a80000, 0x0000000100000000)
  eden space 3072K, 0% used [0x00000000d5580000,0x00000000d5580000,0x00000000d5880000)
  from space 1024K, 67% used [0x00000000d5880000,0x00000000d592ddf8,0x00000000d5980000)
  to   space 1024K, 0% used [0x00000000d5980000,0x00000000d5980000,0x00000000d5a80000)
 ParOldGen       total 762368K, used 762142K [0x0000000080000000, 0x00000000ae880000, 0x00000000d5580000)
  object space 762368K, 99% used [0x0000000080000000,0x00000000ae847820,0x00000000ae880000)
 Metaspace       used 100744K, committed 102656K, reserved 1179648K
  class space    used 10064K, committed 10944K, reserved 1048576K
}
Event: 13835.073 GC heap before
{Heap before GC invocations=5707 (full 7):
 PSYoungGen      total 4096K, used 3767K [0x00000000d5580000, 0x00000000d5a80000, 0x0000000100000000)
  eden space 3072K, 100% used [0x00000000d5580000,0x00000000d5880000,0x00000000d5880000)
  from space 1024K, 67% used [0x00000000d5880000,0x00000000d592ddf8,0x00000000d5980000)
  to   space 1024K, 0% used [0x00000000d5980000,0x00000000d5980000,0x00000000d5a80000)
 ParOldGen       total 762368K, used 762142K [0x0000000080000000, 0x00000000ae880000, 0x00000000d5580000)
  object space 762368K, 99% used [0x0000000080000000,0x00000000ae847820,0x00000000ae880000)
 Metaspace       used 100745K, committed 102656K, reserved 1179648K
  class space    used 10064K, committed 10944K, reserved 1048576K
}
Event: 13835.082 GC heap after
{Heap after GC invocations=5707 (full 7):
 PSYoungGen      total 4096K, used 740K [0x00000000d5580000, 0x00000000d5a80000, 0x0000000100000000)
  eden space 3072K, 0% used [0x00000000d5580000,0x00000000d5580000,0x00000000d5880000)
  from space 1024K, 72% used [0x00000000d5980000,0x00000000d5a39210,0x00000000d5a80000)
  to   space 1024K, 0% used [0x00000000d5880000,0x00000000d5880000,0x00000000d5980000)
 ParOldGen       total 762880K, used 762732K [0x0000000080000000, 0x00000000ae900000, 0x00000000d5580000)
  object space 762880K, 99% used [0x0000000080000000,0x00000000ae8db1a0,0x00000000ae900000)
 Metaspace       used 100745K, committed 102656K, reserved 1179648K
  class space    used 10064K, committed 10944K, reserved 1048576K
}
Event: 13835.095 GC heap before
{Heap before GC invocations=5708 (full 7):
 PSYoungGen      total 4096K, used 3812K [0x00000000d5580000, 0x00000000d5a80000, 0x0000000100000000)
  eden space 3072K, 100% used [0x00000000d5580000,0x00000000d5880000,0x00000000d5880000)
  from space 1024K, 72% used [0x00000000d5980000,0x00000000d5a39210,0x00000000d5a80000)
  to   space 1024K, 0% used [0x00000000d5880000,0x00000000d5880000,0x00000000d5980000)
 ParOldGen       total 762880K, used 762732K [0x0000000080000000, 0x00000000ae900000, 0x00000000d5580000)
  object space 762880K, 99% used [0x0000000080000000,0x00000000ae8db1a0,0x00000000ae900000)
 Metaspace       used 100745K, committed 102656K, reserved 1179648K
  class space    used 10064K, committed 10944K, reserved 1048576K
}
Event: 13835.100 GC heap after
{Heap after GC invocations=5708 (full 7):
 PSYoungGen      total 4096K, used 631K [0x00000000d5580000, 0x00000000d5a80000, 0x0000000100000000)
  eden space 3072K, 0% used [0x00000000d5580000,0x00000000d5580000,0x00000000d5880000)
  from space 1024K, 61% used [0x00000000d5880000,0x00000000d591ddf8,0x00000000d5980000)
  to   space 1024K, 0% used [0x00000000d5980000,0x00000000d5980000,0x00000000d5a80000)
 ParOldGen       total 763392K, used 763320K [0x0000000080000000, 0x00000000ae980000, 0x00000000d5580000)
  object space 763392K, 99% used [0x0000000080000000,0x00000000ae96e3d0,0x00000000ae980000)
 Metaspace       used 100745K, committed 102656K, reserved 1179648K
  class space    used 10064K, committed 10944K, reserved 1048576K
}
Event: 13838.317 GC heap before
{Heap before GC invocations=5709 (full 7):
 PSYoungGen      total 4096K, used 3703K [0x00000000d5580000, 0x00000000d5a80000, 0x0000000100000000)
  eden space 3072K, 100% used [0x00000000d5580000,0x00000000d5880000,0x00000000d5880000)
  from space 1024K, 61% used [0x00000000d5880000,0x00000000d591ddf8,0x00000000d5980000)
  to   space 1024K, 0% used [0x00000000d5980000,0x00000000d5980000,0x00000000d5a80000)
 ParOldGen       total 763392K, used 763320K [0x0000000080000000, 0x00000000ae980000, 0x00000000d5580000)
  object space 763392K, 99% used [0x0000000080000000,0x00000000ae96e3d0,0x00000000ae980000)
 Metaspace       used 100745K, committed 102656K, reserved 1179648K
  class space    used 10064K, committed 10944K, reserved 1048576K
}
Event: 13838.325 GC heap after
{Heap after GC invocations=5709 (full 7):
 PSYoungGen      total 4096K, used 762K [0x00000000d5580000, 0x00000000d5a80000, 0x0000000100000000)
  eden space 3072K, 0% used [0x00000000d5580000,0x00000000d5580000,0x00000000d5880000)
  from space 1024K, 74% used [0x00000000d5980000,0x00000000d5a3e900,0x00000000d5a80000)
  to   space 1024K, 0% used [0x00000000d5880000,0x00000000d5880000,0x00000000d5980000)
 ParOldGen       total 764416K, used 763915K [0x0000000080000000, 0x00000000aea80000, 0x00000000d5580000)
  object space 764416K, 99% used [0x0000000080000000,0x00000000aea02d40,0x00000000aea80000)
 Metaspace       used 100745K, committed 102656K, reserved 1179648K
  class space    used 10064K, committed 10944K, reserved 1048576K
}
Event: 13838.413 GC heap before
{Heap before GC invocations=5710 (full 7):
 PSYoungGen      total 4096K, used 3834K [0x00000000d5580000, 0x00000000d5a80000, 0x0000000100000000)
  eden space 3072K, 99% used [0x00000000d5580000,0x00000000d587fff8,0x00000000d5880000)
  from space 1024K, 74% used [0x00000000d5980000,0x00000000d5a3e900,0x00000000d5a80000)
  to   space 1024K, 0% used [0x00000000d5880000,0x00000000d5880000,0x00000000d5980000)
 ParOldGen       total 764416K, used 763915K [0x0000000080000000, 0x00000000aea80000, 0x00000000d5580000)
  object space 764416K, 99% used [0x0000000080000000,0x00000000aea02d40,0x00000000aea80000)
 Metaspace       used 100747K, committed 102656K, reserved 1179648K
  class space    used 10064K, committed 10944K, reserved 1048576K
}
Event: 13838.420 GC heap after
{Heap after GC invocations=5710 (full 7):
 PSYoungGen      total 4096K, used 192K [0x00000000d5580000, 0x00000000d5a00000, 0x0000000100000000)
  eden space 3072K, 0% used [0x00000000d5580000,0x00000000d5580000,0x00000000d5880000)
  from space 1024K, 18% used [0x00000000d5880000,0x00000000d58b0000,0x00000000d5980000)
  to   space 512K, 0% used [0x00000000d5980000,0x00000000d5980000,0x00000000d5a00000)
 ParOldGen       total 764416K, used 764295K [0x0000000080000000, 0x00000000aea80000, 0x00000000d5580000)
  object space 764416K, 99% used [0x0000000080000000,0x00000000aea61fe0,0x00000000aea80000)
 Metaspace       used 100747K, committed 102656K, reserved 1179648K
  class space    used 10064K, committed 10944K, reserved 1048576K
}
Event: 13838.673 GC heap before
{Heap before GC invocations=5711 (full 7):
 PSYoungGen      total 4096K, used 3256K [0x00000000d5580000, 0x00000000d5a00000, 0x0000000100000000)
  eden space 3072K, 99% used [0x00000000d5580000,0x00000000d587e368,0x00000000d5880000)
  from space 1024K, 18% used [0x00000000d5880000,0x00000000d58b0000,0x00000000d5980000)
  to   space 512K, 0% used [0x00000000d5980000,0x00000000d5980000,0x00000000d5a00000)
 ParOldGen       total 764416K, used 764295K [0x0000000080000000, 0x00000000aea80000, 0x00000000d5580000)
  object space 764416K, 99% used [0x0000000080000000,0x00000000aea61fe0,0x00000000aea80000)
 Metaspace       used 100762K, committed 102656K, reserved 1179648K
  class space    used 10066K, committed 10944K, reserved 1048576K
}
Event: 13838.679 GC heap after
{Heap after GC invocations=5711 (full 7):
 PSYoungGen      total 3584K, used 224K [0x00000000d5580000, 0x00000000d5a00000, 0x0000000100000000)
  eden space 3072K, 0% used [0x00000000d5580000,0x00000000d5580000,0x00000000d5880000)
  from space 512K, 43% used [0x00000000d5980000,0x00000000d59b8000,0x00000000d5a00000)
  to   space 512K, 0% used [0x00000000d5900000,0x00000000d5900000,0x00000000d5980000)
 ParOldGen       total 764416K, used 764343K [0x0000000080000000, 0x00000000aea80000, 0x00000000d5580000)
  object space 764416K, 99% used [0x0000000080000000,0x00000000aea6dfe0,0x00000000aea80000)
 Metaspace       used 100762K, committed 102656K, reserved 1179648K
  class space    used 10066K, committed 10944K, reserved 1048576K
}
Event: 13838.850 GC heap before
{Heap before GC invocations=5712 (full 7):
 PSYoungGen      total 3584K, used 3296K [0x00000000d5580000, 0x00000000d5a00000, 0x0000000100000000)
  eden space 3072K, 100% used [0x00000000d5580000,0x00000000d5880000,0x00000000d5880000)
  from space 512K, 43% used [0x00000000d5980000,0x00000000d59b8000,0x00000000d5a00000)
  to   space 512K, 0% used [0x00000000d5900000,0x00000000d5900000,0x00000000d5980000)
 ParOldGen       total 764416K, used 764343K [0x0000000080000000, 0x00000000aea80000, 0x00000000d5580000)
  object space 764416K, 99% used [0x0000000080000000,0x00000000aea6dfe0,0x00000000aea80000)
 Metaspace       used 100767K, committed 102656K, reserved 1179648K
  class space    used 10066K, committed 10944K, reserved 1048576K
}
Event: 13838.853 GC heap after
{Heap after GC invocations=5712 (full 7):
 PSYoungGen      total 3584K, used 372K [0x00000000d5580000, 0x00000000d5a00000, 0x0000000100000000)
  eden space 3072K, 0% used [0x00000000d5580000,0x00000000d5580000,0x00000000d5880000)
  from space 512K, 72% used [0x00000000d5900000,0x00000000d595d200,0x00000000d5980000)
  to   space 512K, 0% used [0x00000000d5980000,0x00000000d5980000,0x00000000d5a00000)
 ParOldGen       total 764416K, used 764383K [0x0000000080000000, 0x00000000aea80000, 0x00000000d5580000)
  object space 764416K, 99% used [0x0000000080000000,0x00000000aea77fe0,0x00000000aea80000)
 Metaspace       used 100767K, committed 102656K, reserved 1179648K
  class space    used 10066K, committed 10944K, reserved 1048576K
}
Event: 13838.869 GC heap before
{Heap before GC invocations=5713 (full 7):
 PSYoungGen      total 3584K, used 3444K [0x00000000d5580000, 0x00000000d5a00000, 0x0000000100000000)
  eden space 3072K, 100% used [0x00000000d5580000,0x00000000d5880000,0x00000000d5880000)
  from space 512K, 72% used [0x00000000d5900000,0x00000000d595d200,0x00000000d5980000)
  to   space 512K, 0% used [0x00000000d5980000,0x00000000d5980000,0x00000000d5a00000)
 ParOldGen       total 764416K, used 764383K [0x0000000080000000, 0x00000000aea80000, 0x00000000d5580000)
  object space 764416K, 99% used [0x0000000080000000,0x00000000aea77fe0,0x00000000aea80000)
 Metaspace       used 100767K, committed 102656K, reserved 1179648K
  class space    used 10066K, committed 10944K, reserved 1048576K
}
Event: 13838.873 GC heap after
{Heap after GC invocations=5713 (full 7):
 PSYoungGen      total 3584K, used 512K [0x00000000d5580000, 0x00000000d5a80000, 0x0000000100000000)
  eden space 3072K, 0% used [0x00000000d5580000,0x00000000d5580000,0x00000000d5880000)
  from space 512K, 100% used [0x00000000d5980000,0x00000000d5a00000,0x00000000d5a00000)
  to   space 1024K, 0% used [0x00000000d5880000,0x00000000d5880000,0x00000000d5980000)
 ParOldGen       total 764928K, used 764788K [0x0000000080000000, 0x00000000aeb00000, 0x00000000d5580000)
  object space 764928K, 99% used [0x0000000080000000,0x00000000aeadd1f0,0x00000000aeb00000)
 Metaspace       used 100767K, committed 102656K, reserved 1179648K
  class space    used 10066K, committed 10944K, reserved 1048576K
}

Dll operation events (12 events):
Event: 0.046 Loaded shared library c:\Users\Hp\.vscode\extensions\redhat.java-1.45.0-win32-x64\jre\21.0.8-win32-x86_64\bin\java.dll
Event: 0.519 Loaded shared library c:\Users\Hp\.vscode\extensions\redhat.java-1.45.0-win32-x64\jre\21.0.8-win32-x86_64\bin\zip.dll
Event: 0.587 Loaded shared library C:\Users\Hp\.vscode\extensions\redhat.java-1.45.0-win32-x64\jre\21.0.8-win32-x86_64\bin\instrument.dll
Event: 0.610 Loaded shared library C:\Users\Hp\.vscode\extensions\redhat.java-1.45.0-win32-x64\jre\21.0.8-win32-x86_64\bin\net.dll
Event: 0.616 Loaded shared library C:\Users\Hp\.vscode\extensions\redhat.java-1.45.0-win32-x64\jre\21.0.8-win32-x86_64\bin\nio.dll
Event: 0.628 Loaded shared library C:\Users\Hp\.vscode\extensions\redhat.java-1.45.0-win32-x64\jre\21.0.8-win32-x86_64\bin\zip.dll
Event: 0.731 Loaded shared library C:\Users\Hp\.vscode\extensions\redhat.java-1.45.0-win32-x64\jre\21.0.8-win32-x86_64\bin\jimage.dll
Event: 1.214 Loaded shared library c:\Users\Hp\.vscode\extensions\redhat.java-1.45.0-win32-x64\jre\21.0.8-win32-x86_64\bin\verify.dll
Event: 16.040 Loaded shared library C:\Users\Hp\AppData\Roaming\Code\User\globalStorage\redhat.java\1.45.0\config_win\org.eclipse.equinox.launcher\org.eclipse.equinox.launcher.win32.win32.x86_64_1.2.1400.v20250801-0854\eclipse_11916.dll
Event: 53.662 Loaded shared library C:\Users\Hp\AppData\Local\Temp\jna-2344\jna8692535714892393466.dll
Event: 73.295 Loaded shared library C:\Users\Hp\.vscode\extensions\redhat.java-1.45.0-win32-x64\jre\21.0.8-win32-x86_64\bin\sunmscapi.dll
Event: 74.287 Loaded shared library C:\Users\Hp\.vscode\extensions\redhat.java-1.45.0-win32-x64\jre\21.0.8-win32-x86_64\bin\extnet.dll

Deoptimization events (20 events):
Event: 13838.700 Thread 0x00000222c5b7fc00 Uncommon trap: trap_request=0xffffffde fr.pc=0x00000222f1641384 relative=0x0000000000000b84
Event: 13838.700 Thread 0x00000222c5b7fc00 Uncommon trap: reason=class_check action=maybe_recompile pc=0x00000222f1641384 method=java.util.regex.Pattern$Ques.match(Ljava/util/regex/Matcher;ILjava/lang/CharSequence;)Z @ 55 c2
Event: 13838.700 Thread 0x00000222c5b7fc00 DEOPT PACKING pc=0x00000222f1641384 sp=0x000000a7e60fe490
Event: 13838.700 Thread 0x00000222c5b7fc00 DEOPT UNPACKING pc=0x00000222f0706da2 sp=0x000000a7e60fe438 mode 2
Event: 13838.716 Thread 0x00000222c5b7fc00 Uncommon trap: trap_request=0xffffff45 fr.pc=0x00000222f0edc868 relative=0x0000000000005148
Event: 13838.718 Thread 0x00000222c5b7fc00 Uncommon trap: reason=unstable_if action=reinterpret pc=0x00000222f0edc868 method=org.eclipse.jdt.internal.compiler.lookup.BinaryTypeBinding.cachePartsFrom2(Lorg/eclipse/jdt/internal/compiler/env/IBinaryType;Z)V @ 1009 c2
Event: 13838.719 Thread 0x00000222c5b7fc00 DEOPT PACKING pc=0x00000222f0edc868 sp=0x000000a7e60fdee0
Event: 13838.719 Thread 0x00000222c5b7fc00 DEOPT UNPACKING pc=0x00000222f0706da2 sp=0x000000a7e60fde58 mode 2
Event: 13838.739 Thread 0x00000222c5b7fc00 Uncommon trap: trap_request=0xffffff45 fr.pc=0x00000222f1145024 relative=0x0000000000000644
Event: 13838.739 Thread 0x00000222c5b7fc00 Uncommon trap: reason=unstable_if action=reinterpret pc=0x00000222f1145024 method=org.eclipse.text.readers.SubstitutionReader.read()I @ 85 c2
Event: 13838.739 Thread 0x00000222c5b7fc00 DEOPT PACKING pc=0x00000222f1145024 sp=0x000000a7e60fea90
Event: 13838.739 Thread 0x00000222c5b7fc00 DEOPT UNPACKING pc=0x00000222f0706da2 sp=0x000000a7e60fea50 mode 2
Event: 13838.812 Thread 0x00000222c5b7fc00 Uncommon trap: trap_request=0xffffff45 fr.pc=0x00000222f1670214 relative=0x00000000000017d4
Event: 13838.813 Thread 0x00000222c5b7fc00 Uncommon trap: reason=unstable_if action=reinterpret pc=0x00000222f1670214 method=java.net.URLStreamHandler.toExternalForm(Ljava/net/URL;)Ljava/lang/String; @ 122 c2
Event: 13838.813 Thread 0x00000222c5b7fc00 DEOPT PACKING pc=0x00000222f1670214 sp=0x000000a7e60fe2f0
Event: 13838.813 Thread 0x00000222c5b7fc00 DEOPT UNPACKING pc=0x00000222f0706da2 sp=0x000000a7e60fe2c0 mode 2
Event: 13838.816 Thread 0x00000222c5b7fc00 Uncommon trap: trap_request=0xffffff45 fr.pc=0x00000222f114462c relative=0x000000000000008c
Event: 13838.816 Thread 0x00000222c5b7fc00 Uncommon trap: reason=unstable_if action=reinterpret pc=0x00000222f114462c method=org.jsoup.internal.StringUtil.isActuallyWhitespace(I)Z @ 27 c2
Event: 13838.816 Thread 0x00000222c5b7fc00 DEOPT PACKING pc=0x00000222f114462c sp=0x000000a7e60fe5b0
Event: 13838.816 Thread 0x00000222c5b7fc00 DEOPT UNPACKING pc=0x00000222f0706da2 sp=0x000000a7e60fe530 mode 2

Classes loaded (20 events):
Event: 3469.678 Loading class javax/xml/transform/TransformerConfigurationException
Event: 3469.681 Loading class javax/xml/transform/TransformerConfigurationException done
Event: 3908.480 Loading class java/util/Spliterators$IntArraySpliterator
Event: 3908.486 Loading class java/util/Spliterators$IntArraySpliterator done
Event: 3927.534 Loading class java/util/LinkedList$LLSpliterator
Event: 3927.535 Loading class java/util/LinkedList$LLSpliterator done
Event: 4188.854 Loading class sun/security/ssl/PreSharedKeyExtension$PskIdentity
Event: 4188.858 Loading class sun/security/ssl/PreSharedKeyExtension$PskIdentity done
Event: 4188.862 Loading class sun/security/ssl/PreSharedKeyExtension$CHPreSharedKeySpec
Event: 4188.865 Loading class sun/security/ssl/PreSharedKeyExtension$CHPreSharedKeySpec done
Event: 4188.865 Loading class sun/security/ssl/PreSharedKeyExtension$PartialClientHelloMessage
Event: 4188.867 Loading class sun/security/ssl/PreSharedKeyExtension$PartialClientHelloMessage done
Event: 4189.113 Loading class sun/security/ssl/PreSharedKeyExtension$SHPreSharedKeySpec
Event: 4189.114 Loading class sun/security/ssl/PreSharedKeyExtension$SHPreSharedKeySpec done
Event: 4241.190 Loading class java/nio/channels/CompletionHandler
Event: 4241.194 Loading class java/nio/channels/CompletionHandler done
Event: 4409.672 Loading class jdk/internal/icu/text/NormalizerBase$NFCModeImpl
Event: 4409.682 Loading class jdk/internal/icu/text/NormalizerBase$NFCModeImpl done
Event: 4409.690 Loading class jdk/internal/icu/impl/Norm2AllModes$NFCSingleton
Event: 4409.698 Loading class jdk/internal/icu/impl/Norm2AllModes$NFCSingleton done

Classes unloaded (20 events):
Event: 8897.912 Thread 0x00000222fc9f1d30 Unloading class 0x0000022281298c00 'java/lang/invoke/LambdaForm$MH+0x0000022281298c00'
Event: 8897.912 Thread 0x00000222fc9f1d30 Unloading class 0x0000022281298400 'java/lang/invoke/LambdaForm$MH+0x0000022281298400'
Event: 8897.912 Thread 0x00000222fc9f1d30 Unloading class 0x0000022281294800 'jdk/internal/reflect/GeneratedSerializationConstructorAccessor8'
Event: 8897.912 Thread 0x00000222fc9f1d30 Unloading class 0x00000222811a5c00 'jdk/internal/reflect/GeneratedSerializationConstructorAccessor7'
Event: 8897.912 Thread 0x00000222fc9f1d30 Unloading class 0x00000222811a5800 'jdk/internal/reflect/GeneratedSerializationConstructorAccessor6'
Event: 8897.913 Thread 0x00000222fc9f1d30 Unloading class 0x00000222811a6400 'jdk/internal/reflect/GeneratedSerializationConstructorAccessor5'
Event: 8897.913 Thread 0x00000222fc9f1d30 Unloading class 0x00000222811a6000 'jdk/internal/reflect/GeneratedSerializationConstructorAccessor4'
Event: 8897.913 Thread 0x00000222fc9f1d30 Unloading class 0x00000222811a4000 'jdk/internal/reflect/GeneratedSerializationConstructorAccessor3'
Event: 8897.913 Thread 0x00000222fc9f1d30 Unloading class 0x00000222811a5400 'jdk/internal/reflect/GeneratedSerializationConstructorAccessor2'
Event: 8897.914 Thread 0x00000222fc9f1d30 Unloading class 0x00000222811a6800 'jdk/internal/reflect/GeneratedSerializationConstructorAccessor1'
Event: 8897.915 Thread 0x00000222fc9f1d30 Unloading class 0x0000022281218400 'java/lang/invoke/LambdaForm$BMH+0x0000022281218400'
Event: 8897.915 Thread 0x00000222fc9f1d30 Unloading class 0x0000022281176800 'java/lang/invoke/LambdaForm$MH+0x0000022281176800'
Event: 8897.915 Thread 0x00000222fc9f1d30 Unloading class 0x0000022281176000 'java/lang/invoke/LambdaForm$MH+0x0000022281176000'
Event: 8897.916 Thread 0x00000222fc9f1d30 Unloading class 0x0000022281175c00 'java/lang/invoke/LambdaForm$MH+0x0000022281175c00'
Event: 8897.917 Thread 0x00000222fc9f1d30 Unloading class 0x0000022281175800 'java/lang/invoke/LambdaForm$MH+0x0000022281175800'
Event: 8897.917 Thread 0x00000222fc9f1d30 Unloading class 0x000002228101f800 'java/lang/invoke/LambdaForm$MH+0x000002228101f800'
Event: 8897.917 Thread 0x00000222fc9f1d30 Unloading class 0x000002228101e800 'java/lang/invoke/LambdaForm$MH+0x000002228101e800'
Event: 8897.917 Thread 0x00000222fc9f1d30 Unloading class 0x000002228101e400 'java/lang/invoke/LambdaForm$MH+0x000002228101e400'
Event: 8897.917 Thread 0x00000222fc9f1d30 Unloading class 0x000002228101dc00 'java/lang/invoke/LambdaForm$MH+0x000002228101dc00'
Event: 8897.917 Thread 0x00000222fc9f1d30 Unloading class 0x000002228101d400 'java/lang/invoke/LambdaForm$MH+0x000002228101d400'

Classes redefined (0 events):
No events

Internal exceptions (20 events):
Event: 12734.356 Thread 0x00000222ff053120 Exception <a 'java/lang/ArrayIndexOutOfBoundsException'{0x00000000d55f8a48}> (0x00000000d55f8a48) 
thrown [s\src\hotspot\share\runtime\sharedRuntime.cpp, line 625]
Event: 12736.862 Thread 0x00000222c5b7ba60 Exception <a 'java/lang/ArrayIndexOutOfBoundsException'{0x00000000d5672f00}> (0x00000000d5672f00) 
thrown [s\src\hotspot\share\runtime\sharedRuntime.cpp, line 625]
Event: 12736.894 Thread 0x00000222c5b7ba60 Exception <a 'java/lang/ArrayIndexOutOfBoundsException'{0x00000000d5668a78}> (0x00000000d5668a78) 
thrown [s\src\hotspot\share\runtime\sharedRuntime.cpp, line 625]
Event: 12736.955 Thread 0x00000222c7529f70 Exception <a 'java/lang/ArrayIndexOutOfBoundsException'{0x00000000d55e8540}> (0x00000000d55e8540) 
thrown [s\src\hotspot\share\runtime\sharedRuntime.cpp, line 625]
Event: 12737.126 Thread 0x00000222c7529f70 Exception <a 'java/lang/ArrayIndexOutOfBoundsException'{0x00000000d57da038}> (0x00000000d57da038) 
thrown [s\src\hotspot\share\runtime\sharedRuntime.cpp, line 625]
Event: 12737.188 Thread 0x00000222c5b7ba60 Exception <a 'java/lang/ArrayIndexOutOfBoundsException'{0x00000000d55f0c58}> (0x00000000d55f0c58) 
thrown [s\src\hotspot\share\runtime\sharedRuntime.cpp, line 625]
Event: 12737.265 Thread 0x00000222c5b7ba60 Exception <a 'java/lang/ArrayIndexOutOfBoundsException'{0x00000000d573aff0}> (0x00000000d573aff0) 
thrown [s\src\hotspot\share\runtime\sharedRuntime.cpp, line 625]
Event: 12737.978 Thread 0x00000222c5b7ba60 Exception <a 'java/lang/ArrayIndexOutOfBoundsException'{0x00000000d5860aa0}> (0x00000000d5860aa0) 
thrown [s\src\hotspot\share\runtime\sharedRuntime.cpp, line 625]
Event: 12738.070 Thread 0x00000222c5b7ba60 Exception <a 'java/lang/ArrayIndexOutOfBoundsException'{0x00000000d585c040}> (0x00000000d585c040) 
thrown [s\src\hotspot\share\runtime\sharedRuntime.cpp, line 625]
Event: 12738.563 Thread 0x00000222c7527810 Exception <a 'java/lang/ArrayIndexOutOfBoundsException'{0x00000000d55b2820}> (0x00000000d55b2820) 
thrown [s\src\hotspot\share\runtime\sharedRuntime.cpp, line 625]
Event: 12738.724 Thread 0x00000222c7527810 Exception <a 'java/lang/ArrayIndexOutOfBoundsException'{0x00000000d56b0a98}> (0x00000000d56b0a98) 
thrown [s\src\hotspot\share\runtime\sharedRuntime.cpp, line 625]
Event: 12739.484 Thread 0x00000222c7527810 Exception <a 'java/lang/ArrayIndexOutOfBoundsException'{0x00000000d573dd70}> (0x00000000d573dd70) 
thrown [s\src\hotspot\share\runtime\sharedRuntime.cpp, line 625]
Event: 12739.717 Thread 0x00000222c7527810 Exception <a 'java/lang/ArrayIndexOutOfBoundsException'{0x00000000d5836fc0}> (0x00000000d5836fc0) 
thrown [s\src\hotspot\share\runtime\sharedRuntime.cpp, line 625]
Event: 12739.921 Thread 0x00000222c7527810 Exception <a 'java/lang/ArrayIndexOutOfBoundsException'{0x00000000d5750b10}> (0x00000000d5750b10) 
thrown [s\src\hotspot\share\runtime\sharedRuntime.cpp, line 625]
Event: 12740.036 Thread 0x00000222c7527810 Exception <a 'java/lang/ArrayIndexOutOfBoundsException'{0x00000000d589a7d0}> (0x00000000d589a7d0) 
thrown [s\src\hotspot\share\runtime\sharedRuntime.cpp, line 625]
Event: 12740.156 Thread 0x00000222c7527810 Exception <a 'java/lang/ArrayIndexOutOfBoundsException'{0x00000000d5964e78}> (0x00000000d5964e78) 
thrown [s\src\hotspot\share\runtime\sharedRuntime.cpp, line 625]
Event: 12740.314 Thread 0x00000222c7527810 Exception <a 'java/lang/ArrayIndexOutOfBoundsException'{0x00000000d5767630}> (0x00000000d5767630) 
thrown [s\src\hotspot\share\runtime\sharedRuntime.cpp, line 625]
Event: 12748.409 Thread 0x00000222c7527810 Implicit null exception at 0x00000222f1703c35 to 0x00000222f17069e4
Event: 12748.428 Thread 0x00000222c7527810 Exception <a 'java/lang/NoSuchMethodError'{0x00000000d55d6860}: 'int java.lang.invoke.DirectMethodHandle$Holder.invokeVirtual(java.lang.Object, java.lang.Object, java.lang.Object, int)'> (0x00000000d55d6860) 
thrown [s\src\hotspot\share\interpreter\linkResolver.cpp, line 773]
Event: 13838.807 Thread 0x00000222c5b7fc00 Exception <a 'java/lang/ClassNotFoundException'{0x00000000d5759580}: sun/net/www/protocol/jdt/Handler> (0x00000000d5759580) 
thrown [s\src\hotspot\share\classfile\systemDictionary.cpp, line 312]

ZGC Phase Switch (0 events):
No events

VM Operations (20 events):
Event: 13836.100 Executing VM operation: Cleanup
Event: 13836.100 Executing VM operation: Cleanup done
Event: 13838.102 Executing VM operation: Cleanup
Event: 13838.102 Executing VM operation: Cleanup done
Event: 13838.317 Executing VM operation: ParallelGCFailedAllocation (Allocation Failure)
Event: 13838.325 Executing VM operation: ParallelGCFailedAllocation (Allocation Failure) done
Event: 13838.393 Executing VM operation: ParallelGCFailedAllocation (Allocation Failure)
Event: 13838.420 Executing VM operation: ParallelGCFailedAllocation (Allocation Failure) done
Event: 13838.673 Executing VM operation: ParallelGCFailedAllocation (Allocation Failure)
Event: 13838.679 Executing VM operation: ParallelGCFailedAllocation (Allocation Failure) done
Event: 13838.850 Executing VM operation: ParallelGCFailedAllocation (Allocation Failure)
Event: 13838.853 Executing VM operation: ParallelGCFailedAllocation (Allocation Failure) done
Event: 13838.869 Executing VM operation: ParallelGCFailedAllocation (Allocation Failure)
Event: 13838.873 Executing VM operation: ParallelGCFailedAllocation (Allocation Failure) done
Event: 13840.873 Executing VM operation: Cleanup
Event: 13840.873 Executing VM operation: Cleanup done
Event: 13893.069 Executing VM operation: HandshakeAllThreads (HandshakeForDeflation)
Event: 13893.070 Executing VM operation: HandshakeAllThreads (HandshakeForDeflation) done
Event: 13893.070 Executing VM operation: RendezvousGCThreads
Event: 13893.070 Executing VM operation: RendezvousGCThreads done

Memory protections (0 events):
No events

Nmethod flushes (20 events):
Event: 8900.395 Thread 0x00000222fc9f1d30 flushing  nmethod 0x00000222ec394c10
Event: 8900.395 Thread 0x00000222fc9f1d30 flushing  nmethod 0x00000222ec398b90
Event: 8900.395 Thread 0x00000222fc9f1d30 flushing  nmethod 0x00000222ec398f90
Event: 8900.395 Thread 0x00000222fc9f1d30 flushing  nmethod 0x00000222ec399d10
Event: 8900.395 Thread 0x00000222fc9f1d30 flushing  nmethod 0x00000222ec3a5a90
Event: 8900.395 Thread 0x00000222fc9f1d30 flushing  nmethod 0x00000222ec3a9890
Event: 8900.396 Thread 0x00000222fc9f1d30 flushing  nmethod 0x00000222ec3b2b10
Event: 8900.396 Thread 0x00000222fc9f1d30 flushing  nmethod 0x00000222ec3b8390
Event: 8900.396 Thread 0x00000222fc9f1d30 flushing  nmethod 0x00000222ec3c0790
Event: 8900.396 Thread 0x00000222fc9f1d30 flushing  nmethod 0x00000222ec3c0c10
Event: 8900.396 Thread 0x00000222fc9f1d30 flushing  nmethod 0x00000222ec3c0f90
Event: 8900.396 Thread 0x00000222fc9f1d30 flushing  nmethod 0x00000222ec3c4490
Event: 8900.396 Thread 0x00000222fc9f1d30 flushing  nmethod 0x00000222ec3c4990
Event: 8900.396 Thread 0x00000222fc9f1d30 flushing  nmethod 0x00000222ec3cbc10
Event: 8900.396 Thread 0x00000222fc9f1d30 flushing  nmethod 0x00000222ec3f2090
Event: 8900.396 Thread 0x00000222fc9f1d30 flushing  nmethod 0x00000222ec3f5510
Event: 8900.396 Thread 0x00000222fc9f1d30 flushing  nmethod 0x00000222ec422510
Event: 8900.396 Thread 0x00000222fc9f1d30 flushing  nmethod 0x00000222ec427b10
Event: 8900.396 Thread 0x00000222fc9f1d30 flushing  nmethod 0x00000222ec428410
Event: 8900.396 Thread 0x00000222fc9f1d30 flushing  nmethod 0x00000222ec42cf10

Events (20 events):
Event: 13785.787 Thread 0x00000222ff053120 Thread added: 0x00000222c5b79300
Event: 13785.850 Thread 0x00000222c5b79300 Thread added: 0x00000222c5b7ba60
Event: 13786.785 Thread 0x00000222c5b79300 Thread added: 0x00000222c5b7fc00
Event: 13786.785 Thread 0x00000222c5b7fc00 Thread added: 0x00000222c5b7e850
Event: 13786.787 Thread 0x00000222c5b7e850 Thread added: 0x00000222c5b7c780
Event: 13786.788 Thread 0x00000222c5b7ba60 Thread added: 0x00000222c5b7ce10
Event: 13786.790 Thread 0x00000222c5b7c780 Thread added: 0x00000222c7529f70
Event: 13786.976 Thread 0x00000222c5b7ba60 Thread added: 0x00000222c752a600
Event: 13786.979 Thread 0x00000222c752a600 Thread added: 0x00000222c7527180
Event: 13787.116 Thread 0x00000222c7527180 Thread added: 0x00000222c7527810
Event: 13898.891 Thread 0x00000222c5b7fc00 Thread exited: 0x00000222c5b7fc00
Event: 13915.844 Thread 0x00000222c7527180 Thread exited: 0x00000222c7527180
Event: 13915.844 Thread 0x00000222c7527810 Thread exited: 0x00000222c7527810
Event: 13915.845 Thread 0x00000222ff165f80 Thread exited: 0x00000222ff165f80
Event: 13958.902 Thread 0x00000222c5b7c780 Thread exited: 0x00000222c5b7c780
Event: 14018.909 Thread 0x00000222c5b7e850 Thread exited: 0x00000222c5b7e850
Event: 14078.917 Thread 0x00000222c5b7ba60 Thread exited: 0x00000222c5b7ba60
Event: 14138.932 Thread 0x00000222c7529f70 Thread exited: 0x00000222c7529f70
Event: 14198.940 Thread 0x00000222c5b7ce10 Thread exited: 0x00000222c5b7ce10
Event: 14258.946 Thread 0x00000222c5b79300 Thread exited: 0x00000222c5b79300


Dynamic libraries:
0x00007ff7c8b80000 - 0x00007ff7c8b8e000 	c:\Users\Hp\.vscode\extensions\redhat.java-1.45.0-win32-x64\jre\21.0.8-win32-x86_64\bin\java.exe
0x00007ffe59ba0000 - 0x00007ffe59e09000 	C:\WINDOWS\SYSTEM32\ntdll.dll
0x00007ffe58570000 - 0x00007ffe58639000 	C:\WINDOWS\System32\KERNEL32.DLL
0x00007ffe56d30000 - 0x00007ffe57123000 	C:\WINDOWS\System32\KERNELBASE.dll
0x00007ffe576b0000 - 0x00007ffe577fb000 	C:\WINDOWS\System32\ucrtbase.dll
0x00007ffe4fab0000 - 0x00007ffe4fac8000 	c:\Users\Hp\.vscode\extensions\redhat.java-1.45.0-win32-x64\jre\21.0.8-win32-x86_64\bin\jli.dll
0x00007ffe4fa90000 - 0x00007ffe4faae000 	c:\Users\Hp\.vscode\extensions\redhat.java-1.45.0-win32-x64\jre\21.0.8-win32-x86_64\bin\VCRUNTIME140.dll
0x00007ffe57ab0000 - 0x00007ffe57c74000 	C:\WINDOWS\System32\USER32.dll
0x00007ffe57510000 - 0x00007ffe57537000 	C:\WINDOWS\System32\win32u.dll
0x00007ffe58f10000 - 0x00007ffe58f3b000 	C:\WINDOWS\System32\GDI32.dll
0x00007ffe37a40000 - 0x00007ffe37cd3000 	C:\WINDOWS\WinSxS\amd64_microsoft.windows.common-controls_6595b64144ccf1df_6.0.26100.5074_none_3e0d6f78e32fd63f\COMCTL32.dll
0x00007ffe57130000 - 0x00007ffe5725d000 	C:\WINDOWS\System32\gdi32full.dll
0x00007ffe58770000 - 0x00007ffe58819000 	C:\WINDOWS\System32\msvcrt.dll
0x00007ffe57540000 - 0x00007ffe575e3000 	C:\WINDOWS\System32\msvcp_win.dll
0x00007ffe582f0000 - 0x00007ffe5831f000 	C:\WINDOWS\System32\IMM32.DLL
0x00007ffe4fa80000 - 0x00007ffe4fa8c000 	c:\Users\Hp\.vscode\extensions\redhat.java-1.45.0-win32-x64\jre\21.0.8-win32-x86_64\bin\vcruntime140_1.dll
0x00007ffdedf40000 - 0x00007ffdedfcd000 	c:\Users\Hp\.vscode\extensions\redhat.java-1.45.0-win32-x64\jre\21.0.8-win32-x86_64\bin\msvcp140.dll
0x00007ffdae900000 - 0x00007ffdaf697000 	c:\Users\Hp\.vscode\extensions\redhat.java-1.45.0-win32-x64\jre\21.0.8-win32-x86_64\bin\server\jvm.dll
0x00007ffe579f0000 - 0x00007ffe57aa4000 	C:\WINDOWS\System32\ADVAPI32.dll
0x00007ffe58de0000 - 0x00007ffe58e86000 	C:\WINDOWS\System32\sechost.dll
0x00007ffe592f0000 - 0x00007ffe59408000 	C:\WINDOWS\System32\RPCRT4.dll
0x00007ffe57970000 - 0x00007ffe579e4000 	C:\WINDOWS\System32\WS2_32.dll
0x00007ffe56b90000 - 0x00007ffe56bee000 	C:\WINDOWS\SYSTEM32\POWRPROF.dll
0x00007ffe4c9a0000 - 0x00007ffe4c9d5000 	C:\WINDOWS\SYSTEM32\WINMM.dll
0x00007ffe4c770000 - 0x00007ffe4c77b000 	C:\WINDOWS\SYSTEM32\VERSION.dll
0x00007ffe56b70000 - 0x00007ffe56b84000 	C:\WINDOWS\SYSTEM32\UMPDC.dll
0x00007ffe55b10000 - 0x00007ffe55b2b000 	C:\WINDOWS\SYSTEM32\kernel.appcore.dll
0x00007ffe4fa70000 - 0x00007ffe4fa7a000 	c:\Users\Hp\.vscode\extensions\redhat.java-1.45.0-win32-x64\jre\21.0.8-win32-x86_64\bin\jimage.dll
0x00007ffe546b0000 - 0x00007ffe548f2000 	C:\WINDOWS\SYSTEM32\DBGHELP.DLL
0x00007ffe57ea0000 - 0x00007ffe5821b000 	C:\WINDOWS\System32\combase.dll
0x00007ffe58640000 - 0x00007ffe58717000 	C:\WINDOWS\System32\OLEAUT32.dll
0x00007ffe36470000 - 0x00007ffe364ad000 	C:\WINDOWS\SYSTEM32\dbgcore.DLL
0x00007ffe57470000 - 0x00007ffe57509000 	C:\WINDOWS\System32\bcryptPrimitives.dll
0x00007ffe4f9d0000 - 0x00007ffe4f9df000 	c:\Users\Hp\.vscode\extensions\redhat.java-1.45.0-win32-x64\jre\21.0.8-win32-x86_64\bin\instrument.dll
0x00007ffe333c0000 - 0x00007ffe333df000 	c:\Users\Hp\.vscode\extensions\redhat.java-1.45.0-win32-x64\jre\21.0.8-win32-x86_64\bin\java.dll
0x00007ffe59410000 - 0x00007ffe59b5d000 	C:\WINDOWS\System32\SHELL32.dll
0x00007ffe57800000 - 0x00007ffe5796c000 	C:\WINDOWS\System32\wintypes.dll
0x00007ffe54950000 - 0x00007ffe551a9000 	C:\WINDOWS\SYSTEM32\windows.storage.dll
0x00007ffe58820000 - 0x00007ffe58910000 	C:\WINDOWS\System32\SHCORE.dll
0x00007ffe58f40000 - 0x00007ffe58fa2000 	C:\WINDOWS\System32\shlwapi.dll
0x00007ffe56c50000 - 0x00007ffe56c79000 	C:\WINDOWS\SYSTEM32\profapi.dll
0x00007ffe25fc0000 - 0x00007ffe25fd8000 	c:\Users\Hp\.vscode\extensions\redhat.java-1.45.0-win32-x64\jre\21.0.8-win32-x86_64\bin\zip.dll
0x00007ffe4f9c0000 - 0x00007ffe4f9d0000 	C:\Users\Hp\.vscode\extensions\redhat.java-1.45.0-win32-x64\jre\21.0.8-win32-x86_64\bin\net.dll
0x00007ffe4fef0000 - 0x00007ffe5000f000 	C:\WINDOWS\SYSTEM32\WINHTTP.dll
0x00007ffe56090000 - 0x00007ffe560fb000 	C:\WINDOWS\system32\mswsock.dll
0x00007ffe1f350000 - 0x00007ffe1f366000 	C:\Users\Hp\.vscode\extensions\redhat.java-1.45.0-win32-x64\jre\21.0.8-win32-x86_64\bin\nio.dll
0x00007ffe45e50000 - 0x00007ffe45e60000 	c:\Users\Hp\.vscode\extensions\redhat.java-1.45.0-win32-x64\jre\21.0.8-win32-x86_64\bin\verify.dll
0x00007ffdf90e0000 - 0x00007ffdf9124000 	C:\Users\Hp\AppData\Roaming\Code\User\globalStorage\redhat.java\1.45.0\config_win\org.eclipse.equinox.launcher\org.eclipse.equinox.launcher.win32.win32.x86_64_1.2.1400.v20250801-0854\eclipse_11916.dll
0x00007ffe583d0000 - 0x00007ffe58568000 	C:\WINDOWS\System32\ole32.dll
0x00007ffe56330000 - 0x00007ffe5634b000 	C:\WINDOWS\SYSTEM32\CRYPTSP.dll
0x00007ffe55a70000 - 0x00007ffe55aab000 	C:\WINDOWS\system32\rsaenh.dll
0x00007ffe56130000 - 0x00007ffe5615b000 	C:\WINDOWS\SYSTEM32\USERENV.dll
0x00007ffe56c20000 - 0x00007ffe56c46000 	C:\WINDOWS\SYSTEM32\bcrypt.dll
0x00007ffe56350000 - 0x00007ffe5635c000 	C:\WINDOWS\SYSTEM32\CRYPTBASE.dll
0x00007ffe554d0000 - 0x00007ffe55504000 	C:\WINDOWS\SYSTEM32\IPHLPAPI.DLL
0x00007ffe582e0000 - 0x00007ffe582ea000 	C:\WINDOWS\System32\NSI.dll
0x00007ffdf6b30000 - 0x00007ffdf6b79000 	C:\Users\Hp\AppData\Local\Temp\jna-2344\jna8692535714892393466.dll
0x00007ffe57d80000 - 0x00007ffe57d88000 	C:\WINDOWS\System32\PSAPI.DLL
0x00007ffe50170000 - 0x00007ffe5018e000 	C:\WINDOWS\SYSTEM32\dhcpcsvc6.DLL
0x00007ffe50140000 - 0x00007ffe50163000 	C:\WINDOWS\SYSTEM32\dhcpcsvc.DLL
0x00007ffe314f0000 - 0x00007ffe314fe000 	C:\Users\Hp\.vscode\extensions\redhat.java-1.45.0-win32-x64\jre\21.0.8-win32-x86_64\bin\sunmscapi.dll
0x00007ffe572f0000 - 0x00007ffe57467000 	C:\WINDOWS\System32\CRYPT32.dll
0x00007ffe56550000 - 0x00007ffe56580000 	C:\WINDOWS\SYSTEM32\ncrypt.dll
0x00007ffe56500000 - 0x00007ffe5653f000 	C:\WINDOWS\SYSTEM32\NTASN1.dll
0x00007ffe55510000 - 0x00007ffe55636000 	C:\WINDOWS\SYSTEM32\DNSAPI.dll
0x00007ffe4fd80000 - 0x00007ffe4fd8b000 	C:\Windows\System32\rasadhlp.dll
0x00007ffe505a0000 - 0x00007ffe50626000 	C:\WINDOWS\System32\fwpuclnt.dll
0x00007ffe2cd00000 - 0x00007ffe2cd09000 	C:\Users\Hp\.vscode\extensions\redhat.java-1.45.0-win32-x64\jre\21.0.8-win32-x86_64\bin\extnet.dll
0x00007ffe55c30000 - 0x00007ffe55c66000 	C:\WINDOWS\SYSTEM32\ntmarta.dll
0x00007ffe45f40000 - 0x00007ffe45f48000 	C:\WINDOWS\system32\wshunix.dll

JVMTI agents:
c:\Users\Hp\.vscode\extensions\redhat.java-1.45.0-win32-x64\lombok\lombok-1.18.39-4050.jar path:c:\Users\Hp\.vscode\extensions\redhat.java-1.45.0-win32-x64\jre\21.0.8-win32-x86_64\bin\instrument.dll, loaded, initialized, instrumentlib options:none

dbghelp: loaded successfully - version: 4.0.5 - missing functions: none
symbol engine: initialized successfully - sym options: 0x614 - pdb path: .;c:\Users\Hp\.vscode\extensions\redhat.java-1.45.0-win32-x64\jre\21.0.8-win32-x86_64\bin;C:\WINDOWS\SYSTEM32;C:\WINDOWS\WinSxS\amd64_microsoft.windows.common-controls_6595b64144ccf1df_6.0.26100.5074_none_3e0d6f78e32fd63f;c:\Users\Hp\.vscode\extensions\redhat.java-1.45.0-win32-x64\jre\21.0.8-win32-x86_64\bin\server;C:\Users\Hp\AppData\Roaming\Code\User\globalStorage\redhat.java\1.45.0\config_win\org.eclipse.equinox.launcher\org.eclipse.equinox.launcher.win32.win32.x86_64_1.2.1400.v20250801-0854;C:\Users\Hp\AppData\Local\Temp\jna-2344

VM Arguments:
jvm_args: --add-modules=ALL-SYSTEM --add-opens=java.base/java.util=ALL-UNNAMED --add-opens=java.base/java.lang=ALL-UNNAMED --add-opens=java.base/sun.nio.fs=ALL-UNNAMED -Declipse.application=org.eclipse.jdt.ls.core.id1 -Dosgi.bundles.defaultStartLevel=4 -Declipse.product=org.eclipse.jdt.ls.core.product -Djava.import.generatesMetadataFilesAtProjectRoot=false -DDetectVMInstallationsJob.disabled=true -Dfile.encoding=utf8 -XX:+UseParallelGC -XX:GCTimeRatio=4 -XX:AdaptiveSizePolicyWeight=90 -Dsun.zip.disableMemoryMapping=true -Xmx2G -Xms100m -Xlog:disable -javaagent:c:\Users\Hp\.vscode\extensions\redhat.java-1.45.0-win32-x64\lombok\lombok-1.18.39-4050.jar -XX:+HeapDumpOnOutOfMemoryError -XX:HeapDumpPath=c:\Users\Hp\AppData\Roaming\Code\User\workspaceStorage\81f492b21900cb0e0dfef86816f6453f\redhat.java -Daether.dependencyCollector.impl=bf 
java_command: c:\Users\Hp\.vscode\extensions\redhat.java-1.45.0-win32-x64\server\plugins\org.eclipse.equinox.launcher_1.7.0.v20250519-0528.jar -configuration c:\Users\Hp\AppData\Roaming\Code\User\globalStorage\redhat.java\1.45.0\config_win -data c:\Users\Hp\AppData\Roaming\Code\User\workspaceStorage\81f492b21900cb0e0dfef86816f6453f\redhat.java\jdt_ws --pipe=\\.\pipe\lsp-57154b1746dad78bb03e1fc985d761ee-sock
java_class_path (initial): c:\Users\Hp\.vscode\extensions\redhat.java-1.45.0-win32-x64\server\plugins\org.eclipse.equinox.launcher_1.7.0.v20250519-0528.jar
Launcher Type: SUN_STANDARD

[Global flags]
    uintx AdaptiveSizePolicyWeight                 = 90                                        {product} {command line}
     intx CICompilerCount                          = 4                                         {product} {ergonomic}
    uintx GCTimeRatio                              = 4                                         {product} {command line}
     bool HeapDumpOnOutOfMemoryError               = true                                   {manageable} {command line}
    ccstr HeapDumpPath                             = c:\Users\Hp\AppData\Roaming\Code\User\workspaceStorage\81f492b21900cb0e0dfef86816f6453f\redhat.java         {manageable} {command line}
   size_t InitialHeapSize                          = 104857600                                 {product} {command line}
   size_t MaxHeapSize                              = 2147483648                                {product} {command line}
   size_t MaxNewSize                               = 715653120                                 {product} {ergonomic}
   size_t MinHeapDeltaBytes                        = 524288                                    {product} {ergonomic}
   size_t MinHeapSize                              = 104857600                                 {product} {command line}
   size_t NewSize                                  = 34603008                                  {product} {ergonomic}
    uintx NonNMethodCodeHeapSize                   = 5839372                                {pd product} {ergonomic}
    uintx NonProfiledCodeHeapSize                  = 122909434                              {pd product} {ergonomic}
   size_t OldSize                                  = 70254592                                  {product} {ergonomic}
    uintx ProfiledCodeHeapSize                     = 122909434                              {pd product} {ergonomic}
    uintx ReservedCodeCacheSize                    = 251658240                              {pd product} {ergonomic}
     bool SegmentedCodeCache                       = true                                      {product} {ergonomic}
   size_t SoftMaxHeapSize                          = 2147483648                             {manageable} {ergonomic}
     bool UseCompressedOops                        = true                           {product lp64_product} {ergonomic}
     bool UseLargePagesIndividualAllocation        = false                                  {pd product} {ergonomic}
     bool UseParallelGC                            = true                                      {product} {command line}

Logging:
Log output configuration:
 #0: stdout all=off uptime,level,tags foldmultilines=false
 #1: stderr all=off uptime,level,tags foldmultilines=false

Environment Variables:
JAVA_HOME=C:\Program Files\Java\jdk-17
PATH=C:\Program Files\Common Files\Oracle\Java\javapath;C:\Program Files (x86)\Common Files\Oracle\Java\java8path;C:\Program Files\Java\jdk-17\bin;C:\Program Files (x86)\Common Files\Oracle\Java\javapath;C:\WINDOWS\system32;C:\WINDOWS;C:\WINDOWS\System32\Wbem;C:\WINDOWS\System32\WindowsPowerShell\v1.0\;C:\WINDOWS\System32\OpenSSH\;C:\Program Files\HP\HP One Agent;C:\Program Files\Git\cmd;C:\Program Files\Git\mingw64\bin;C:\Program Files\Git\usr\bin;C:\MinGW\bin;C:\Program Files\Java\jdk-22\bin;C:\Program Files\MySQL\MySQL Server 8.0\bin;C:\WINDOWS\system32;C:\WINDOWS;C:\WINDOWS\System32\Wbem;C:\WINDOWS\System32\WindowsPowerShell\v1.0\;C:\WINDOWS\System32\OpenSSH\;C:\Program Files\Docker\Docker\resources\bin;C:\Program Files\nodejs\;C:\Program Files\MySQL\MySQL Shell 8.0\bin\;C:\Users\Hp\AppData\Local\Programs\Python\Python310\Scripts\;C:\Users\Hp\AppData\Local\Programs\Python\Python310\;C:\Users\Hp\AppData\Local\Microsoft\WindowsApps;C:\MinGW\bin;C:\Users\Hp\AppData\Local\Programs\Microsoft VS Code\bin;;C:\Program Files\JetBrains\IntelliJ IDEA Community Edition 2024.3\bin;;C:\Users\Hp\AppData\Roaming\npm
USERNAME=Hp
OS=Windows_NT
PROCESSOR_IDENTIFIER=Intel64 Family 6 Model 140 Stepping 1, GenuineIntel
TMP=C:\Users\Hp\AppData\Local\Temp
TEMP=C:\Users\Hp\AppData\Local\Temp




Periodic native trim disabled

---------------  S Y S T E M  ---------------

OS:
 Windows 11 , 64 bit Build 26100 (10.0.26100.5074)
OS uptime: 5 days 8:37 hours
Hyper-V role detected

CPU: total 8 (initial active 8) (4 cores per cpu, 2 threads per core) family 6 model 140 stepping 1 microcode 0x9a, cx8, cmov, fxsr, ht, mmx, 3dnowpref, sse, sse2, sse3, ssse3, sse4.1, sse4.2, popcnt, lzcnt, tsc, tscinvbit, avx, avx2, aes, erms, clmul, bmi1, bmi2, adx, avx512f, avx512dq, avx512cd, avx512bw, avx512vl, sha, fma, vzeroupper, avx512_vpopcntdq, avx512_vpclmulqdq, avx512_vaes, avx512_vnni, clflush, clflushopt, clwb, avx512_vbmi2, avx512_vbmi, hv, rdtscp, rdpid, fsrm, gfni, avx512_bitalg, f16c, cet_ibt, cet_ss, avx512_ifma
Processor Information for the first 8 processors :
  Max Mhz: 1997, Current Mhz: 1997, Mhz Limit: 1997

Memory: 4k page, system-wide physical 7959M (373M free)
TotalPageFile size 32535M (AvailPageFile size 64M)
current process WorkingSet (physical memory assigned to process): 7M, peak: 595M
current process commit charge ("private bytes"): 1154M, peak: 1780M

vm_info: OpenJDK 64-Bit Server VM (21.0.8+9-LTS) for windows-amd64 JRE (21.0.8+9-LTS), built on 2025-07-15T00:00:00Z by "admin" with MS VC++ 17.7 (VS2022)

END.
